<?xml version="1.0" encoding="UTF-8"?>
<testng-results ignored="0" total="2" passed="2" failed="0" skipped="0">
  <reporter-output>
  </reporter-output>
  <suite started-at="2025-08-02T17:36:33 IST" name="Master Suite" finished-at="2025-08-02T17:36:41 IST" duration-ms="7987">
    <groups>
    </groups>
    <test started-at="2025-08-02T17:36:33 IST" name="Test" finished-at="2025-08-02T17:36:41 IST" duration-ms="7987">
      <class name="testCases.TC002_LoginTest">
        <test-method is-config="true" signature="setup(java.lang.String,java.lang.String)[pri:0, instance:testCases.TC002_LoginTest@66498326]" started-at="2025-08-02T17:36:37 IST" name="setup" finished-at="2025-08-02T17:36:39 IST" duration-ms="1629" status="PASS">
          <params>
            <param index="0">
              <value>
                <![CDATA[windows]]>
              </value>
            </param>
            <param index="1">
              <value>
                <![CDATA[chrome]]>
              </value>
            </param>
          </params>
          <reporter-output>
          </reporter-output>
        </test-method> <!-- setup -->
        <test-method signature="verify_login()[pri:0, instance:testCases.TC002_LoginTest@66498326]" started-at="2025-08-02T17:36:39 IST" name="verify_login" finished-at="2025-08-02T17:36:41 IST" duration-ms="1641" status="PASS">
          <reporter-output>
          </reporter-output>
        </test-method> <!-- verify_login -->
        <test-method is-config="true" signature="tearDown()[pri:0, instance:testCases.TC002_LoginTest@66498326]" started-at="2025-08-02T17:36:41 IST" name="tearDown" finished-at="2025-08-02T17:36:41 IST" duration-ms="0" status="PASS">
          <reporter-output>
          </reporter-output>
        </test-method> <!-- tearDown -->
      </class> <!-- testCases.TC002_LoginTest -->
      <class name="testCases.TC001_AccountRegistrationTest">
        <test-method is-config="true" signature="setup(java.lang.String,java.lang.String)[pri:0, instance:testCases.TC001_AccountRegistrationTest@732c2a62]" started-at="2025-08-02T17:36:33 IST" name="setup" finished-at="2025-08-02T17:36:35 IST" duration-ms="2479" status="PASS">
          <params>
            <param index="0">
              <value>
                <![CDATA[windows]]>
              </value>
            </param>
            <param index="1">
              <value>
                <![CDATA[chrome]]>
              </value>
            </param>
          </params>
          <reporter-output>
          </reporter-output>
        </test-method> <!-- setup -->
        <test-method signature="verify_accouunt_registration()[pri:0, instance:testCases.TC001_AccountRegistrationTest@732c2a62]" started-at="2025-08-02T17:36:35 IST" name="verify_accouunt_registration" finished-at="2025-08-02T17:36:37 IST" duration-ms="2201" status="PASS">
          <reporter-output>
          </reporter-output>
        </test-method> <!-- verify_accouunt_registration -->
        <test-method is-config="true" signature="tearDown()[pri:0, instance:testCases.TC001_AccountRegistrationTest@732c2a62]" started-at="2025-08-02T17:36:37 IST" name="tearDown" finished-at="2025-08-02T17:36:37 IST" duration-ms="0" status="PASS">
          <reporter-output>
          </reporter-output>
        </test-method> <!-- tearDown -->
      </class> <!-- testCases.TC001_AccountRegistrationTest -->
    </test> <!-- Test -->
  </suite> <!-- Master Suite -->
</testng-results>
