<?xml version="1.0" encoding="UTF-8"?>
<testng-results ignored="0" total="3" passed="3" failed="0" skipped="0">
  <reporter-output>
  </reporter-output>
  <suite started-at="2025-07-27T17:25:03 IST" name="Suite" finished-at="2025-07-27T17:25:10 IST" duration-ms="7263">
    <groups>
    </groups>
    <test started-at="2025-07-27T17:25:03 IST" name="edgetest" finished-at="2025-07-27T17:25:10 IST" duration-ms="6660">
      <class name="testCases.TC001_AccountRegistrationTest">
        <test-method is-config="true" signature="setup(java.lang.String,java.lang.String)[pri:0, instance:testCases.TC001_AccountRegistrationTest@31f9b85e]" started-at="2025-07-27T17:25:03 IST" name="setup" finished-at="2025-07-27T17:25:06 IST" duration-ms="3221" status="PASS">
          <params>
            <param index="0">
              <value>
                <![CDATA[windows]]>
              </value>
            </param>
            <param index="1">
              <value>
                <![CDATA[edge]]>
              </value>
            </param>
          </params>
          <reporter-output>
          </reporter-output>
        </test-method> <!-- setup -->
        <test-method signature="verify_accouunt_registration()[pri:0, instance:testCases.TC001_AccountRegistrationTest@31f9b85e]" started-at="2025-07-27T17:25:06 IST" name="verify_accouunt_registration" finished-at="2025-07-27T17:25:10 IST" duration-ms="3390" status="PASS">
          <reporter-output>
          </reporter-output>
        </test-method> <!-- verify_accouunt_registration -->
        <test-method is-config="true" signature="tearDown()[pri:0, instance:testCases.TC001_AccountRegistrationTest@31f9b85e]" started-at="2025-07-27T17:25:10 IST" name="tearDown" finished-at="2025-07-27T17:25:10 IST" duration-ms="0" status="PASS">
          <reporter-output>
          </reporter-output>
        </test-method> <!-- tearDown -->
      </class> <!-- testCases.TC001_AccountRegistrationTest -->
    </test> <!-- edgetest -->
    <test started-at="2025-07-27T17:25:03 IST" name="chrometest" finished-at="2025-07-27T17:25:10 IST" duration-ms="6758">
      <class name="testCases.TC001_AccountRegistrationTest">
        <test-method is-config="true" signature="setup(java.lang.String,java.lang.String)[pri:0, instance:testCases.TC001_AccountRegistrationTest@2de23121]" started-at="2025-07-27T17:25:03 IST" name="setup" finished-at="2025-07-27T17:25:06 IST" duration-ms="3317" status="PASS">
          <params>
            <param index="0">
              <value>
                <![CDATA[windows]]>
              </value>
            </param>
            <param index="1">
              <value>
                <![CDATA[chrome]]>
              </value>
            </param>
          </params>
          <reporter-output>
          </reporter-output>
        </test-method> <!-- setup -->
        <test-method signature="verify_accouunt_registration()[pri:0, instance:testCases.TC001_AccountRegistrationTest@2de23121]" started-at="2025-07-27T17:25:06 IST" name="verify_accouunt_registration" finished-at="2025-07-27T17:25:10 IST" duration-ms="3411" status="PASS">
          <reporter-output>
          </reporter-output>
        </test-method> <!-- verify_accouunt_registration -->
        <test-method is-config="true" signature="tearDown()[pri:0, instance:testCases.TC001_AccountRegistrationTest@2de23121]" started-at="2025-07-27T17:25:10 IST" name="tearDown" finished-at="2025-07-27T17:25:10 IST" duration-ms="0" status="PASS">
          <reporter-output>
          </reporter-output>
        </test-method> <!-- tearDown -->
      </class> <!-- testCases.TC001_AccountRegistrationTest -->
    </test> <!-- chrometest -->
    <test started-at="2025-07-27T17:25:03 IST" name="firefoxtest" finished-at="2025-07-27T17:25:10 IST" duration-ms="7263">
      <class name="testCases.TC001_AccountRegistrationTest">
        <test-method is-config="true" signature="setup(java.lang.String,java.lang.String)[pri:0, instance:testCases.TC001_AccountRegistrationTest@10d68fcd]" started-at="2025-07-27T17:25:03 IST" name="setup" finished-at="2025-07-27T17:25:09 IST" duration-ms="5559" status="PASS">
          <params>
            <param index="0">
              <value>
                <![CDATA[windows]]>
              </value>
            </param>
            <param index="1">
              <value>
                <![CDATA[firefox]]>
              </value>
            </param>
          </params>
          <reporter-output>
          </reporter-output>
        </test-method> <!-- setup -->
        <test-method signature="verify_accouunt_registration()[pri:0, instance:testCases.TC001_AccountRegistrationTest@10d68fcd]" started-at="2025-07-27T17:25:09 IST" name="verify_accouunt_registration" finished-at="2025-07-27T17:25:10 IST" duration-ms="1667" status="PASS">
          <reporter-output>
          </reporter-output>
        </test-method> <!-- verify_accouunt_registration -->
        <test-method is-config="true" signature="tearDown()[pri:0, instance:testCases.TC001_AccountRegistrationTest@10d68fcd]" started-at="2025-07-27T17:25:10 IST" name="tearDown" finished-at="2025-07-27T17:25:10 IST" duration-ms="0" status="PASS">
          <reporter-output>
          </reporter-output>
        </test-method> <!-- tearDown -->
      </class> <!-- testCases.TC001_AccountRegistrationTest -->
    </test> <!-- firefoxtest -->
  </suite> <!-- Suite -->
</testng-results>
